{"/home/tali/alchemy/career-prep/labs/exploring_models/lib/app.js": {"path":"/home/tali/alchemy/career-prep/labs/exploring_models/lib/app.js","statementMap":{"0":{"start":{"line":1,"column":0},"end":{"line":1,"column":27}},"1":{"start":{"line":2,"column":0},"end":{"line":2,"column":29}},"2":{"start":{"line":3,"column":13},"end":{"line":3,"column":37}},"3":{"start":{"line":4,"column":16},"end":{"line":4,"column":34}},"4":{"start":{"line":5,"column":12},"end":{"line":5,"column":21}},"5":{"start":{"line":6,"column":17},"end":{"line":6,"column":36}},"6":{"start":{"line":8,"column":0},"end":{"line":8,"column":24}},"7":{"start":{"line":10,"column":0},"end":{"line":12,"column":3}},"8":{"start":{"line":11,"column":2},"end":{"line":11,"column":107}},"9":{"start":{"line":14,"column":0},"end":{"line":19,"column":3}},"10":{"start":{"line":15,"column":2},"end":{"line":18,"column":7}},"11":{"start":{"line":17,"column":6},"end":{"line":17,"column":25}},"12":{"start":{"line":21,"column":0},"end":{"line":26,"column":3}},"13":{"start":{"line":22,"column":2},"end":{"line":25,"column":7}},"14":{"start":{"line":24,"column":6},"end":{"line":24,"column":21}},"15":{"start":{"line":28,"column":0},"end":{"line":33,"column":3}},"16":{"start":{"line":29,"column":2},"end":{"line":32,"column":7}},"17":{"start":{"line":31,"column":6},"end":{"line":31,"column":28}},"18":{"start":{"line":35,"column":0},"end":{"line":40,"column":3}},"19":{"start":{"line":36,"column":2},"end":{"line":39,"column":7}},"20":{"start":{"line":38,"column":6},"end":{"line":38,"column":28}},"21":{"start":{"line":42,"column":0},"end":{"line":47,"column":3}},"22":{"start":{"line":43,"column":2},"end":{"line":46,"column":7}},"23":{"start":{"line":45,"column":6},"end":{"line":45,"column":36}},"24":{"start":{"line":49,"column":0},"end":{"line":49,"column":21}}},"fnMap":{"0":{"name":"(anonymous_0)","decl":{"start":{"line":10,"column":13},"end":{"line":10,"column":14}},"loc":{"start":{"line":10,"column":27},"end":{"line":12,"column":1}},"line":10},"1":{"name":"(anonymous_1)","decl":{"start":{"line":14,"column":18},"end":{"line":14,"column":19}},"loc":{"start":{"line":14,"column":32},"end":{"line":19,"column":1}},"line":14},"2":{"name":"(anonymous_2)","decl":{"start":{"line":16,"column":10},"end":{"line":16,"column":11}},"loc":{"start":{"line":16,"column":22},"end":{"line":18,"column":5}},"line":16},"3":{"name":"(anonymous_3)","decl":{"start":{"line":21,"column":19},"end":{"line":21,"column":20}},"loc":{"start":{"line":21,"column":33},"end":{"line":26,"column":1}},"line":21},"4":{"name":"(anonymous_4)","decl":{"start":{"line":23,"column":10},"end":{"line":23,"column":11}},"loc":{"start":{"line":23,"column":18},"end":{"line":25,"column":5}},"line":23},"5":{"name":"(anonymous_5)","decl":{"start":{"line":28,"column":22},"end":{"line":28,"column":23}},"loc":{"start":{"line":28,"column":36},"end":{"line":33,"column":1}},"line":28},"6":{"name":"(anonymous_6)","decl":{"start":{"line":30,"column":10},"end":{"line":30,"column":11}},"loc":{"start":{"line":30,"column":25},"end":{"line":32,"column":5}},"line":30},"7":{"name":"(anonymous_7)","decl":{"start":{"line":35,"column":25},"end":{"line":35,"column":26}},"loc":{"start":{"line":35,"column":39},"end":{"line":40,"column":1}},"line":35},"8":{"name":"(anonymous_8)","decl":{"start":{"line":37,"column":10},"end":{"line":37,"column":11}},"loc":{"start":{"line":37,"column":25},"end":{"line":39,"column":5}},"line":37},"9":{"name":"(anonymous_9)","decl":{"start":{"line":42,"column":21},"end":{"line":42,"column":22}},"loc":{"start":{"line":42,"column":35},"end":{"line":47,"column":1}},"line":42},"10":{"name":"(anonymous_10)","decl":{"start":{"line":44,"column":10},"end":{"line":44,"column":11}},"loc":{"start":{"line":44,"column":16},"end":{"line":46,"column":5}},"line":44}},"branchMap":{},"s":{"0":1,"1":1,"2":1,"3":1,"4":1,"5":1,"6":1,"7":1,"8":1,"9":1,"10":1,"11":1,"12":1,"13":4,"14":4,"15":1,"16":1,"17":1,"18":1,"19":1,"20":1,"21":1,"22":0,"23":0,"24":1},"f":{"0":1,"1":1,"2":1,"3":4,"4":4,"5":1,"6":1,"7":1,"8":1,"9":0,"10":0},"b":{},"_coverageSchema":"43e27e138ebf9cfc5966b082cf9a028302ed4184","hash":"454ca2c60b24dd08ab1ae0946c0acbf3d672cc0b"}
,"/home/tali/alchemy/career-prep/labs/exploring_models/lib/models/Park.js": {"path":"/home/tali/alchemy/career-prep/labs/exploring_models/lib/models/Park.js","statementMap":{"0":{"start":{"line":1,"column":17},"end":{"line":1,"column":36}},"1":{"start":{"line":3,"column":15},"end":{"line":21,"column":2}},"2":{"start":{"line":23,"column":0},"end":{"line":23,"column":48}}},"fnMap":{},"branchMap":{},"s":{"0":2,"1":2,"2":2},"f":{},"b":{},"_coverageSchema":"43e27e138ebf9cfc5966b082cf9a028302ed4184","hash":"33d5c2a9fcc789db0fd22514b3e33b22975d2de4"}
,"/home/tali/alchemy/career-prep/labs/exploring_models/lib/utils/connect.js": {"path":"/home/tali/alchemy/career-prep/labs/exploring_models/lib/utils/connect.js","statementMap":{"0":{"start":{"line":1,"column":17},"end":{"line":1,"column":36}},"1":{"start":{"line":4,"column":2},"end":{"line":7,"column":5}},"2":{"start":{"line":9,"column":2},"end":{"line":11,"column":5}},"3":{"start":{"line":10,"column":4},"end":{"line":10,"column":29}},"4":{"start":{"line":13,"column":2},"end":{"line":15,"column":5}},"5":{"start":{"line":14,"column":4},"end":{"line":14,"column":34}},"6":{"start":{"line":18,"column":0},"end":{"line":18,"column":25}}},"fnMap":{"0":{"name":"connect","decl":{"start":{"line":3,"column":9},"end":{"line":3,"column":16}},"loc":{"start":{"line":3,"column":19},"end":{"line":16,"column":1}},"line":3},"1":{"name":"(anonymous_1)","decl":{"start":{"line":9,"column":38},"end":{"line":9,"column":39}},"loc":{"start":{"line":9,"column":44},"end":{"line":11,"column":3}},"line":9},"2":{"name":"(anonymous_2)","decl":{"start":{"line":13,"column":34},"end":{"line":13,"column":35}},"loc":{"start":{"line":13,"column":40},"end":{"line":15,"column":3}},"line":13}},"branchMap":{},"s":{"0":1,"1":2,"2":2,"3":2,"4":2,"5":0,"6":1},"f":{"0":2,"1":2,"2":0},"b":{},"_coverageSchema":"43e27e138ebf9cfc5966b082cf9a028302ed4184","hash":"fac3f8b8ce1141d01d8d0d5d3de27d30bb807720"}
}
