TN:
SF:/home/tali/alchemy/career-prep/labs/exploring_models/lib/app.js
FN:10,(anonymous_0)
FN:14,(anonymous_1)
FN:16,(anonymous_2)
FN:21,(anonymous_3)
FN:23,(anonymous_4)
FN:28,(anonymous_5)
FN:30,(anonymous_6)
FN:35,(anonymous_7)
FN:37,(anonymous_8)
FN:42,(anonymous_9)
FN:44,(anonymous_10)
FNF:11
FNH:9
FNDA:1,(anonymous_0)
FNDA:1,(anonymous_1)
FNDA:1,(anonymous_2)
FNDA:4,(anonymous_3)
FNDA:4,(anonymous_4)
FNDA:1,(anonymous_5)
FNDA:1,(anonymous_6)
FNDA:1,(anonymous_7)
FNDA:1,(anonymous_8)
FNDA:0,(anonymous_9)
FNDA:0,(anonymous_10)
DA:1,1
DA:2,1
DA:3,1
DA:4,1
DA:5,1
DA:6,1
DA:8,1
DA:10,1
DA:11,1
DA:14,1
DA:15,1
DA:17,1
DA:21,1
DA:22,4
DA:24,4
DA:28,1
DA:29,1
DA:31,1
DA:35,1
DA:36,1
DA:38,1
DA:42,1
DA:43,0
DA:45,0
DA:49,1
LF:25
LH:23
BRF:0
BRH:0
end_of_record
TN:
SF:/home/tali/alchemy/career-prep/labs/exploring_models/lib/models/Park.js
FNF:0
FNH:0
DA:1,2
DA:3,2
DA:23,2
LF:3
LH:3
BRF:0
BRH:0
end_of_record
TN:
SF:/home/tali/alchemy/career-prep/labs/exploring_models/lib/utils/connect.js
FN:3,connect
FN:9,(anonymous_1)
FN:13,(anonymous_2)
FNF:3
FNH:2
FNDA:2,connect
FNDA:2,(anonymous_1)
FNDA:0,(anonymous_2)
DA:1,1
DA:4,2
DA:9,2
DA:10,2
DA:13,2
DA:14,0
DA:18,1
LF:7
LH:6
BRF:0
BRH:0
end_of_record
